<?xml version="1.0" encoding="UTF-8"?>
<testsuite xmlns:xsi="http://www.w3.org/2001/XMLSchema-instance" xsi:noNamespaceSchemaLocation="https://maven.apache.org/surefire/maven-surefire-plugin/xsd/surefire-test-report-3.0.xsd" version="3.0" name="cucumber.Options.TestRunner" time="0.557" tests="2" errors="2" skipped="0" failures="0">
  <properties>
    <property name="java.specification.version" value="17"/>
    <property name="sun.cpu.isalist" value="amd64"/>
    <property name="sun.jnu.encoding" value="Cp1252"/>
    <property name="java.class.path" value="C:\Users\anilv\eclipse-workspace\com.CucumberAutomtion\target\test-classes;C:\Users\anilv\eclipse-workspace\com.CucumberAutomtion\target\classes;C:\Users\anilv\.m2\repository\junit\junit\4.13.2\junit-4.13.2.jar;C:\Users\anilv\.m2\repository\org\hamcrest\hamcrest-core\1.3\hamcrest-core-1.3.jar;C:\Users\anilv\.m2\repository\io\cucumber\cucumber-core\7.12.0\cucumber-core-7.12.0.jar;C:\Users\anilv\.m2\repository\io\cucumber\cucumber-gherkin\7.12.0\cucumber-gherkin-7.12.0.jar;C:\Users\anilv\.m2\repository\io\cucumber\cucumber-gherkin-messages\7.12.0\cucumber-gherkin-messages-7.12.0.jar;C:\Users\anilv\.m2\repository\io\cucumber\gherkin\26.2.0\gherkin-26.2.0.jar;C:\Users\anilv\.m2\repository\io\cucumber\messages\22.0.0\messages-22.0.0.jar;C:\Users\anilv\.m2\repository\io\cucumber\tag-expressions\5.0.1\tag-expressions-5.0.1.jar;C:\Users\anilv\.m2\repository\io\cucumber\cucumber-expressions\16.1.2\cucumber-expressions-16.1.2.jar;C:\Users\anilv\.m2\repository\io\cucumber\datatable\7.12.0\datatable-7.12.0.jar;C:\Users\anilv\.m2\repository\io\cucumber\cucumber-plugin\7.12.0\cucumber-plugin-7.12.0.jar;C:\Users\anilv\.m2\repository\io\cucumber\docstring\7.12.0\docstring-7.12.0.jar;C:\Users\anilv\.m2\repository\io\cucumber\html-formatter\20.3.0\html-formatter-20.3.0.jar;C:\Users\anilv\.m2\repository\io\cucumber\junit-xml-formatter\0.2.0\junit-xml-formatter-0.2.0.jar;C:\Users\anilv\.m2\repository\io\cucumber\ci-environment\9.2.0\ci-environment-9.2.0.jar;C:\Users\anilv\.m2\repository\org\apiguardian\apiguardian-api\1.1.2\apiguardian-api-1.1.2.jar;C:\Users\anilv\.m2\repository\io\cucumber\cucumber-java\7.12.0\cucumber-java-7.12.0.jar;C:\Users\anilv\.m2\repository\io\cucumber\cucumber-junit\7.12.0\cucumber-junit-7.12.0.jar;C:\Users\anilv\.m2\repository\io\rest-assured\rest-assured\5.3.0\rest-assured-5.3.0.jar;C:\Users\anilv\.m2\repository\org\apache\groovy\groovy\4.0.6\groovy-4.0.6.jar;C:\Users\anilv\.m2\repository\org\apache\groovy\groovy-xml\4.0.6\groovy-xml-4.0.6.jar;C:\Users\anilv\.m2\repository\org\apache\httpcomponents\httpclient\4.5.13\httpclient-4.5.13.jar;C:\Users\anilv\.m2\repository\org\apache\httpcomponents\httpcore\4.4.13\httpcore-4.4.13.jar;C:\Users\anilv\.m2\repository\commons-logging\commons-logging\1.2\commons-logging-1.2.jar;C:\Users\anilv\.m2\repository\commons-codec\commons-codec\1.11\commons-codec-1.11.jar;C:\Users\anilv\.m2\repository\org\apache\httpcomponents\httpmime\4.5.13\httpmime-4.5.13.jar;C:\Users\anilv\.m2\repository\org\hamcrest\hamcrest\2.1\hamcrest-2.1.jar;C:\Users\anilv\.m2\repository\org\ccil\cowan\tagsoup\tagsoup\1.2.1\tagsoup-1.2.1.jar;C:\Users\anilv\.m2\repository\io\rest-assured\json-path\5.3.0\json-path-5.3.0.jar;C:\Users\anilv\.m2\repository\org\apache\groovy\groovy-json\4.0.6\groovy-json-4.0.6.jar;C:\Users\anilv\.m2\repository\io\rest-assured\rest-assured-common\5.3.0\rest-assured-common-5.3.0.jar;C:\Users\anilv\.m2\repository\io\rest-assured\xml-path\5.3.0\xml-path-5.3.0.jar;C:\Users\anilv\.m2\repository\org\apache\commons\commons-lang3\3.11\commons-lang3-3.11.jar;C:\Users\anilv\.m2\repository\com\fasterxml\jackson\core\jackson-databind\2.15.0\jackson-databind-2.15.0.jar;C:\Users\anilv\.m2\repository\com\fasterxml\jackson\core\jackson-annotations\2.15.0\jackson-annotations-2.15.0.jar;C:\Users\anilv\.m2\repository\com\fasterxml\jackson\core\jackson-core\2.15.0\jackson-core-2.15.0.jar;"/>
    <property name="java.vm.vendor" value="Oracle Corporation"/>
    <property name="sun.arch.data.model" value="64"/>
    <property name="user.variant" value=""/>
    <property name="java.vendor.url" value="https://java.oracle.com/"/>
    <property name="user.timezone" value="Asia/Calcutta"/>
    <property name="os.name" value="Windows 11"/>
    <property name="java.vm.specification.version" value="17"/>
    <property name="sun.java.launcher" value="SUN_STANDARD"/>
    <property name="user.country" value="IN"/>
    <property name="sun.boot.library.path" value="C:\Program Files\Java\jdk-17.0.4.1\bin"/>
    <property name="sun.java.command" value="C:\Users\anilv\AppData\Local\Temp\surefire2112632702112837805\surefirebooter-20230604103849122_3.jar C:\Users\anilv\AppData\Local\Temp\surefire2112632702112837805 2023-06-04T10-38-46_501-jvmRun1 surefire-20230604103849122_1tmp surefire_0-20230604103849122_2tmp"/>
    <property name="jdk.debug" value="release"/>
    <property name="surefire.test.class.path" value="C:\Users\anilv\eclipse-workspace\com.CucumberAutomtion\target\test-classes;C:\Users\anilv\eclipse-workspace\com.CucumberAutomtion\target\classes;C:\Users\anilv\.m2\repository\junit\junit\4.13.2\junit-4.13.2.jar;C:\Users\anilv\.m2\repository\org\hamcrest\hamcrest-core\1.3\hamcrest-core-1.3.jar;C:\Users\anilv\.m2\repository\io\cucumber\cucumber-core\7.12.0\cucumber-core-7.12.0.jar;C:\Users\anilv\.m2\repository\io\cucumber\cucumber-gherkin\7.12.0\cucumber-gherkin-7.12.0.jar;C:\Users\anilv\.m2\repository\io\cucumber\cucumber-gherkin-messages\7.12.0\cucumber-gherkin-messages-7.12.0.jar;C:\Users\anilv\.m2\repository\io\cucumber\gherkin\26.2.0\gherkin-26.2.0.jar;C:\Users\anilv\.m2\repository\io\cucumber\messages\22.0.0\messages-22.0.0.jar;C:\Users\anilv\.m2\repository\io\cucumber\tag-expressions\5.0.1\tag-expressions-5.0.1.jar;C:\Users\anilv\.m2\repository\io\cucumber\cucumber-expressions\16.1.2\cucumber-expressions-16.1.2.jar;C:\Users\anilv\.m2\repository\io\cucumber\datatable\7.12.0\datatable-7.12.0.jar;C:\Users\anilv\.m2\repository\io\cucumber\cucumber-plugin\7.12.0\cucumber-plugin-7.12.0.jar;C:\Users\anilv\.m2\repository\io\cucumber\docstring\7.12.0\docstring-7.12.0.jar;C:\Users\anilv\.m2\repository\io\cucumber\html-formatter\20.3.0\html-formatter-20.3.0.jar;C:\Users\anilv\.m2\repository\io\cucumber\junit-xml-formatter\0.2.0\junit-xml-formatter-0.2.0.jar;C:\Users\anilv\.m2\repository\io\cucumber\ci-environment\9.2.0\ci-environment-9.2.0.jar;C:\Users\anilv\.m2\repository\org\apiguardian\apiguardian-api\1.1.2\apiguardian-api-1.1.2.jar;C:\Users\anilv\.m2\repository\io\cucumber\cucumber-java\7.12.0\cucumber-java-7.12.0.jar;C:\Users\anilv\.m2\repository\io\cucumber\cucumber-junit\7.12.0\cucumber-junit-7.12.0.jar;C:\Users\anilv\.m2\repository\io\rest-assured\rest-assured\5.3.0\rest-assured-5.3.0.jar;C:\Users\anilv\.m2\repository\org\apache\groovy\groovy\4.0.6\groovy-4.0.6.jar;C:\Users\anilv\.m2\repository\org\apache\groovy\groovy-xml\4.0.6\groovy-xml-4.0.6.jar;C:\Users\anilv\.m2\repository\org\apache\httpcomponents\httpclient\4.5.13\httpclient-4.5.13.jar;C:\Users\anilv\.m2\repository\org\apache\httpcomponents\httpcore\4.4.13\httpcore-4.4.13.jar;C:\Users\anilv\.m2\repository\commons-logging\commons-logging\1.2\commons-logging-1.2.jar;C:\Users\anilv\.m2\repository\commons-codec\commons-codec\1.11\commons-codec-1.11.jar;C:\Users\anilv\.m2\repository\org\apache\httpcomponents\httpmime\4.5.13\httpmime-4.5.13.jar;C:\Users\anilv\.m2\repository\org\hamcrest\hamcrest\2.1\hamcrest-2.1.jar;C:\Users\anilv\.m2\repository\org\ccil\cowan\tagsoup\tagsoup\1.2.1\tagsoup-1.2.1.jar;C:\Users\anilv\.m2\repository\io\rest-assured\json-path\5.3.0\json-path-5.3.0.jar;C:\Users\anilv\.m2\repository\org\apache\groovy\groovy-json\4.0.6\groovy-json-4.0.6.jar;C:\Users\anilv\.m2\repository\io\rest-assured\rest-assured-common\5.3.0\rest-assured-common-5.3.0.jar;C:\Users\anilv\.m2\repository\io\rest-assured\xml-path\5.3.0\xml-path-5.3.0.jar;C:\Users\anilv\.m2\repository\org\apache\commons\commons-lang3\3.11\commons-lang3-3.11.jar;C:\Users\anilv\.m2\repository\com\fasterxml\jackson\core\jackson-databind\2.15.0\jackson-databind-2.15.0.jar;C:\Users\anilv\.m2\repository\com\fasterxml\jackson\core\jackson-annotations\2.15.0\jackson-annotations-2.15.0.jar;C:\Users\anilv\.m2\repository\com\fasterxml\jackson\core\jackson-core\2.15.0\jackson-core-2.15.0.jar;"/>
    <property name="sun.cpu.endian" value="little"/>
    <property name="user.home" value="C:\Users\anilv"/>
    <property name="user.language" value="en"/>
    <property name="java.specification.vendor" value="Oracle Corporation"/>
    <property name="java.version.date" value="2022-08-18"/>
    <property name="java.home" value="C:\Program Files\Java\jdk-17.0.4.1"/>
    <property name="file.separator" value="\"/>
    <property name="basedir" value="C:\Users\anilv\eclipse-workspace\com.CucumberAutomtion"/>
    <property name="java.vm.compressedOopsMode" value="32-bit"/>
    <property name="line.separator" value="&#10;"/>
    <property name="java.vm.specification.vendor" value="Oracle Corporation"/>
    <property name="java.specification.name" value="Java Platform API Specification"/>
    <property name="surefire.real.class.path" value="C:\Users\anilv\AppData\Local\Temp\surefire2112632702112837805\surefirebooter-20230604103849122_3.jar"/>
    <property name="user.script" value=""/>
    <property name="sun.management.compiler" value="HotSpot 64-Bit Tiered Compilers"/>
    <property name="java.runtime.version" value="17.0.4.1+1-LTS-2"/>
    <property name="user.name" value="anilv"/>
    <property name="path.separator" value=";"/>
    <property name="os.version" value="10.0"/>
    <property name="java.runtime.name" value="Java(TM) SE Runtime Environment"/>
    <property name="file.encoding" value="Cp1252"/>
    <property name="java.vm.name" value="Java HotSpot(TM) 64-Bit Server VM"/>
    <property name="localRepository" value="C:\Users\anilv\.m2\repository"/>
    <property name="java.vendor.url.bug" value="https://bugreport.java.com/bugreport/"/>
    <property name="java.io.tmpdir" value="C:\Users\anilv\AppData\Local\Temp\"/>
    <property name="java.version" value="17.0.4.1"/>
    <property name="user.dir" value="C:\Users\anilv\eclipse-workspace\com.CucumberAutomtion"/>
    <property name="os.arch" value="amd64"/>
    <property name="java.vm.specification.name" value="Java Virtual Machine Specification"/>
    <property name="sun.os.patch.level" value=""/>
    <property name="native.encoding" value="Cp1252"/>
    <property name="java.library.path" value="C:\Program Files\Java\jdk-17.0.4.1\bin;C:\Windows\Sun\Java\bin;C:\Windows\system32;C:\Windows;C:\Python311\Scripts\;C:\Python311\;C:\Program Files\Common Files\Oracle\Java\javapath;C:\Windows\system32;C:\Windows;C:\Windows\System32\Wbem;C:\Windows\System32\WindowsPowerShell\v1.0\;C:\Windows\System32\OpenSSH\;C:\Program Files\Java\jdk-17.0.4.1\bin;C:\Program Files\Git\cmd;C:\Program Files\Docker\Docker\resources\bin;C:\Program Files\apache-maven-3.9.2\bin;C:\Program Files\Java\jdk-17.0.4.1\bin;C:\Users\anilv\AppData\Local\Android\Sdk\tools;C:\Users\anilv\AppData\Local\Android\Sdk\platform-tools;C:\Program Files\nodejs\;C:\ProgramData\chocolatey\bin;C:\Program Files\PuTTY\;C:\Users\anilv\AppData\Local\Programs\Python\Python310\Scripts\;C:\Users\anilv\AppData\Local\Programs\Python\Python310\;C:\Users\anilv\AppData\Local\Microsoft\WindowsApps;C:\Program Files\JetBrains\PyCharm Community Edition 2022.2.2\bin;;C:\Program Files\Java\jdk-17.0.4.1\bin;C:\Users\anilv\AppData\Roaming\npm;."/>
    <property name="java.vm.info" value="mixed mode, sharing"/>
    <property name="java.vendor" value="Oracle Corporation"/>
    <property name="java.vm.version" value="17.0.4.1+1-LTS-2"/>
    <property name="sun.io.unicode.encoding" value="UnicodeLittle"/>
    <property name="java.class.version" value="61.0"/>
  </properties>
  <testcase name="Verify if Place is being Successfully added using AddPlaceAPI" classname="Validating Place API&apos;s" time="0.129">
    <error message="The step &apos;Add place payload with &quot;Rama Rao&quot; &quot;Telugu&quot; &quot;Kodakandla&quot;&apos; and 5 other step(s) are undefined.&#10;You can implement these steps using the snippet(s) below:&#10;&#10;@Given(&quot;Add place payload with {string} {string} {string}&quot;)&#10;public void add_place_payload_with(String string, String string2, String string3) {&#10;    // Write code here that turns the phrase above into concrete actions&#10;    throw new io.cucumber.java.PendingException();&#10;}&#10;@When(&quot;user calls {string} with {string} http request&quot;)&#10;public void user_calls_with_http_request(String string, String string2) {&#10;    // Write code here that turns the phrase above into concrete actions&#10;    throw new io.cucumber.java.PendingException();&#10;}&#10;@Then(&quot;validate the API call success with status code {string}&quot;)&#10;public void validate_the_api_call_success_with_status_code(String string) {&#10;    // Write code here that turns the phrase above into concrete actions&#10;    throw new io.cucumber.java.PendingException();&#10;}&#10;@Then(&quot;{string} in response body is {string}&quot;)&#10;public void in_response_body_is(String string, String string2) {&#10;    // Write code here that turns the phrase above into concrete actions&#10;    throw new io.cucumber.java.PendingException();&#10;}&#10;@Then(&quot;verify place_Id created maps to {string} using {string}&quot;)&#10;public void verify_place_id_created_maps_to_using(String string, String string2) {&#10;    // Write code here that turns the phrase above into concrete actions&#10;    throw new io.cucumber.java.PendingException();&#10;}&#10;" type="io.cucumber.junit.UndefinedStepException"><![CDATA[io.cucumber.junit.UndefinedStepException: 
The step 'Add place payload with "Rama Rao" "Telugu" "Kodakandla"' and 5 other step(s) are undefined.
You can implement these steps using the snippet(s) below:

@Given("Add place payload with {string} {string} {string}")
public void add_place_payload_with(String string, String string2, String string3) {
    // Write code here that turns the phrase above into concrete actions
    throw new io.cucumber.java.PendingException();
}
@When("user calls {string} with {string} http request")
public void user_calls_with_http_request(String string, String string2) {
    // Write code here that turns the phrase above into concrete actions
    throw new io.cucumber.java.PendingException();
}
@Then("validate the API call success with status code {string}")
public void validate_the_api_call_success_with_status_code(String string) {
    // Write code here that turns the phrase above into concrete actions
    throw new io.cucumber.java.PendingException();
}
@Then("{string} in response body is {string}")
public void in_response_body_is(String string, String string2) {
    // Write code here that turns the phrase above into concrete actions
    throw new io.cucumber.java.PendingException();
}
@Then("verify place_Id created maps to {string} using {string}")
public void verify_place_id_created_maps_to_using(String string, String string2) {
    // Write code here that turns the phrase above into concrete actions
    throw new io.cucumber.java.PendingException();
}

]]></error>
  </testcase>
  <testcase name="Verify if Delete place functionality is working" classname="Validating Place API&apos;s" time="0.007">
    <error message="The step &apos;DeletePlace payload&apos; and 3 other step(s) are undefined.&#10;You can implement these steps using the snippet(s) below:&#10;&#10;@Given(&quot;DeletePlace payload&quot;)&#10;public void delete_place_payload() {&#10;    // Write code here that turns the phrase above into concrete actions&#10;    throw new io.cucumber.java.PendingException();&#10;}&#10;@When(&quot;user calls {string} with {string} http request&quot;)&#10;public void user_calls_with_http_request(String string, String string2) {&#10;    // Write code here that turns the phrase above into concrete actions&#10;    throw new io.cucumber.java.PendingException();&#10;}&#10;@Then(&quot;validate the API call success with status code {string}&quot;)&#10;public void validate_the_api_call_success_with_status_code(String string) {&#10;    // Write code here that turns the phrase above into concrete actions&#10;    throw new io.cucumber.java.PendingException();&#10;}&#10;@Then(&quot;{string} in response body is {string}&quot;)&#10;public void in_response_body_is(String string, String string2) {&#10;    // Write code here that turns the phrase above into concrete actions&#10;    throw new io.cucumber.java.PendingException();&#10;}&#10;" type="io.cucumber.junit.UndefinedStepException"><![CDATA[io.cucumber.junit.UndefinedStepException: 
The step 'DeletePlace payload' and 3 other step(s) are undefined.
You can implement these steps using the snippet(s) below:

@Given("DeletePlace payload")
public void delete_place_payload() {
    // Write code here that turns the phrase above into concrete actions
    throw new io.cucumber.java.PendingException();
}
@When("user calls {string} with {string} http request")
public void user_calls_with_http_request(String string, String string2) {
    // Write code here that turns the phrase above into concrete actions
    throw new io.cucumber.java.PendingException();
}
@Then("validate the API call success with status code {string}")
public void validate_the_api_call_success_with_status_code(String string) {
    // Write code here that turns the phrase above into concrete actions
    throw new io.cucumber.java.PendingException();
}
@Then("{string} in response body is {string}")
public void in_response_body_is(String string, String string2) {
    // Write code here that turns the phrase above into concrete actions
    throw new io.cucumber.java.PendingException();
}

]]></error>
  </testcase>
</testsuite>